Sem number not valid: SEM-UBC
Sem number not valid: SEM-UBC
Sem number not valid: SEM-UBC
SEM number is valid without 'SEM-UBC': COR-2138
Sem number not valid: SEM-UBC
Sem number not valid: OCR FAILED
Sem number not valid: SEM-UBC
Sem number not valid: OCR FAILED
Sem number not valid: SEM
SEM number is valid without 'SEM-UBC': CIC-0280
Sem number not valid: SEM-UBC MIR-00O1
Sem number not valid: OCR FAILED
Sem number not valid: OCR FAILED
Sem number not valid: OCR FAILED
Sem number not valid: OCR FAILED
Sem number not valid: OCR FAILED
Sem number not valid: SEM-UBC ANTH4-0909
SEM number is valid without 'SEM-UBC': ANTH-0166
Sem number not valid: OCR FAILED
SEM number is valid without 'SEM-UBC': PLE-0473
Sem number not valid: OCR FAILED
Sem number not valid: OCR FAILED
Sem number not valid: SEM-JBC SIP-0U5T
Sem number not valid: OCR FAILED
Sem number not valid: OCR FAILED
Sem number not valid: OCR FAILED
Sem number not valid: OCR FAILED
SEM number has 0 in 3 letters: IS0
SEM number is valid without 'SEM-UBC': HYM-4987
SEM number is valid without 'SEM-UBC': HYM-3205
SEM number is valid without 'SEM-UBC': HYM-6350
Sem number not valid: SEM-UBC HY-2953
SEM number is valid without 'SEM-UBC': HYM-2649
Sem number not valid: SEM-UBC HY-5940
SEM number is valid without 'SEM-UBC': HYM-3176
Sem number not valid: SEM-UBC HM-3219
Sem number not valid: SEM-UBC
Sem number not valid: SEM-UBC HY-3337
Sem number not valid: SEM-UBC HY-3357
Sem number not valid: SEM-UBC HY-2209
Sem number not valid: SEM-UBC HYM2295
Sem number not valid: OCR FAILED
SEM number is valid without 'SEM-UBC': HYM-5054
Sem number not valid: SEMA HIE
Sem number not valid: OCR FAILED
Sem number not valid: SEM-UBC HYM-50GG
SEM number is valid without 'SEM-UBC': HYM-8952
SEM number is valid without 'SEM-UBC': TAAM-6106
SEM number is valid without 'SEM-UBC': HYM-6097
SEM number is valid without 'SEM-UBC': HYM-6088
SEM number is valid without 'SEM-UBC': HYM-3423
Sem number not valid: SEM-UBC
Sem number not valid: OCR FAILED
SEM number is valid without 'SEM-UBC': HYM-3514
Sem number not valid: SEM-UBC
Sem number not valid: SEM-UBC
SEM number is valid without 'SEM-UBC': HYM-4813
Sem number not valid: SEM-UBC HY-3208
SEM number is valid without 'SEM-UBC': NEU-0535
SEM number is valid without 'SEM-UBC': NEU-0027
SEM number is valid without 'SEM-UBC': NEU-0535
SEM number is valid without 'SEM-UBC': NEU-0525
SEM number is valid without 'SEM-UBC': NEU-0529
SEM number is valid without 'SEM-UBC': NEU-0386
SEM number is valid without 'SEM-UBC': NEU-0529
Sem number not valid: SEM-UBC
SEM number is valid without 'SEM-UBC': NEU-0844
SEM number is valid without 'SEM-UBC': NEU-0818
SEM number is valid without 'SEM-UBC': NEU-0831
SEM number is valid without 'SEM-UBC': NEU-0552
SEM number is valid without 'SEM-UBC': NEU-0548
SEM number is valid without 'SEM-UBC': NEU-0552
Sem number not valid: OCR FAILED
SEM number is valid without 'SEM-UBC': LAS-0069
Sem number not valid: OCR FAILED
Sem number not valid: SEM-UBC
Sem number not valid: SEM-UBC NOC-1OOO
SEM number is valid without 'SEM-UBC': PTE-0019
Sem number not valid: SEM-UBC
SEM number is valid without 'SEM-UBC': NOC-1237
SEM number is valid without 'SEM-UBC': NOC-1211
SEM number is valid without 'SEM-UBC': NOC-1187
SEM number has 0 in 3 letters: LYM40046
Sem number not valid: SEM-UBC LYM40046
SEM number is valid without 'SEM-UBC': NOC-0964
SEM number is valid without 'SEM-UBC': NOC-0964
SEM number has 0 in 3 letters: ARCH02412
Sem number not valid: SEM-UBC ARCH02412
SEM number is valid without 'SEM-UBC': ARC-0600
SEM number is valid without 'SEM-UBC': NOC-1066
SEM number has 0 in 3 letters: NOT0
SEM number has 0 in 3 letters: NOT0
Sem number not valid: SEM-UBC PAP-03
Sem number not valid: OCR FAILED
Sem number not valid: SEM-UBC SPH-0.86
Sem number not valid: SEM-UBC
SEM number is valid without 'SEM-UBC': PIE-0026
SEM number is valid without 'SEM-UBC': PIE-0002
SEM number is valid without 'SEM-UBC': HIP-0012
Sem number not valid: OCR FAILED
Sem number not valid: OCR FAILED
SEM number is valid without 'SEM-UBC': DIP-0018
Sem number not valid: OCR FAILED
Sem number not valid: SEM-UBC EP-0465
Sem number not valid: SEM-UBC
Sem number not valid: SEM-UBC
SEM number is valid without 'SEM-UBC': SAR-0073
SEM number is valid without 'SEM-UBC': SAR-0026
SEM number is valid without 'SEM-UBC': SAR-0029
SEM number is valid without 'SEM-UBC': SAR-0005
SEM number has 0 in 3 letters: SAR0031
Sem number not valid: SEM-UBC SAR0031
Sem number not valid: SEM-UBC /-0102
SEM number is valid without 'SEM-UBC': ANT-0445
Sem number not valid: SEM-UBGMNT0109
SEM number is valid without 'SEM-UBC': ANT-0887
Sem number not valid: SEM-UB€
SEM number is valid without 'SEM-UBC': ANT-0090
SEM number has 0 in 3 letters: ANT40098
Sem number not valid: SEM-UBC ANT40098
SEM number is valid without 'SEM-UBC': SCL-0018
SEM number is valid without 'SEM-UBC': LLLJ-0429
Sem number not valid: SEM-UBC
Sem number not valid: OCR FAILED
SEM number is valid without 'SEM-UBC': DOL-0079
Sem number not valid: SEM-UBC
Sem number not valid: SEM-UBC DOL-0D;
SEM number is valid without 'SEM-UBC': DOL-0086
SEM number is valid without 'SEM-UBC': DOL-0008
SEM number is valid without 'SEM-UBC': DOL-0046
SEM number has 0 in 3 letters: DCL Q035
Sem number not valid: SEM-UBC DCL Q035
Sem number not valid: SEM
SEM number is valid without 'SEM-UBC': DOL-0029
SEM number is valid without 'SEM-UBC': DOL-0048
Sem number not valid: SEM-UBC DOL-00B9
Sem number not valid: SEM-UBC LA-0005
Sem number not valid: SEM-UBC AS-0100
SEM number is valid without 'SEM-UBC': ASI-0097
SEM number has 0 in 3 letters: ASL0052
Sem number not valid: SEM-UBC ASL0052
SEM number is valid without 'SEM-UBC': ASI-0006
SEM number has 0 in 3 letters: SYR0290
Sem number not valid: SEM-UBC SYR0290
SEM number is valid without 'SEM-UBC': SYR-0801
SEM number is valid without 'SEM-UBC': SYR-0078
Sem number not valid: OCR FAILED
Sem number not valid: SEM-UBC
Sem number not valid: OCR FAILED
SEM number is valid without 'SEM-UBC': SYR-0010
Sem number not valid: SEM-UBC
Sem number not valid: SEM-UBC DIP-(1622
Sem number not valid: OCR FAILED
Sem number not valid: SEMLVER 
SEM number is valid without 'SEM-UBC': MUS-0070
SEM number is valid without 'SEM-UBC': MUS-0071
SEM number is valid without 'SEM-UBC': MUS-0063
SEM number has 0 in 3 letters: 0ES
SEM number is valid without 'SEM-UBC': CHE-0105
Sem number not valid: SEM-UBC
SEM number is valid without 'SEM-UBC': DIP-0210
Sem number not valid: SEM-UBC CU
Sem number not valid: SEM-UBC
SEM number is valid without 'SEM-UBC': CUL-0083
Sem number not valid: SEM-UBC
SEM number is valid without 'SEM-UBC': CUL-0345
SEM number is valid without 'SEM-UBC': CAL-1242
SEM number is valid without 'SEM-UBC': MYC-0028
Sem number not valid: SEM-UBC
Sem number not valid: OCR FAILED
Sem number not valid: SEM-UBC SE4-0024
SEM number is valid without 'SEM-UBC': SCA-0033
Sem number not valid: SEM-U6 < SCA-(032
SEM number is valid without 'SEM-UBC': SCA-0008
Sem number not valid: OCR FAILED
SEM number is valid without 'SEM-UBC': SCA-0007
Sem number not valid: OCR FAILED
Sem number not valid: SEM WEC TAC-OISD
Sem number not valid: OCR FAILED
SEM number is valid without 'SEM-UBC': TACA-008
SEM number is valid without 'SEM-UBC': TAC-0157
Sem number not valid: SEM-UE6 7AC 0130
Sem number not valid: SEM-UBCWESR?
SEM number is valid without 'SEM-UBC': TAC-0026
SEM number is valid without 'SEM-UBC': TAC-0206
Sem number not valid: OCR FAILED
Sem number not valid: SEM-UBC TAC-0U49
SEM number is valid without 'SEM-UBC': TAC-0120
Sem number not valid: OCR FAILED
SEM number is valid without 'SEM-UBC': TAC-0108
Sem number not valid: SEM-UBC
SEM number is valid without 'SEM-UBC': TAC-0475
Sem number not valid: SEM-UBC
SEM number has 0 in 3 letters: TAC 0OAD
Sem number not valid: SEM-UBC TAC 0OAD
SEM number is valid without 'SEM-UBC': TAC-0014
SEM number is valid without 'SEM-UBC': TAC-0027
SEM number is valid without 'SEM-UBC': TAC-0178
SEM number is valid without 'SEM-UBC': TAC-0214
Sem number not valid: SEM-UBC AC-00Q6
SEM number is valid without 'SEM-UBC': TAC-0007
Sem number not valid: SEM-UBC DL?-0231
Sem number not valid: SEM-UBC
Sem number not valid: SEM-UBC
Sem number not valid: OCR FAILED
SEM number is valid without 'SEM-UBC': COL-21022
SEM number is valid without 'SEM-UBC': COL-27855
SEM number is valid without 'SEM-UBC': COL-27940
Sem number not valid: SEM-UBC COL-0RC0
Sem number not valid: SEM-UBC
SEM number has 0 in 3 letters: COL"29034
Sem number not valid: SEM-UBC COL"29034
Sem number not valid: SEM-UBC COL:29138
SEM number is valid without 'SEM-UBC': COL-29127
SEM number is valid without 'SEM-UBC': COL-31666
Sem number not valid: SEM-UBC
SEM number is valid without 'SEM-UBC': COL-27672
SEM number is valid without 'SEM-UBC': COL-27606
SEM number is valid without 'SEM-UBC': CCOL-27627
SEM number is valid without 'SEM-UBC': COL-27037
Sem number not valid: SEM-UBC GOL.27644
Sem number not valid: SEM-UBC
Sem number not valid: SEM-UBC COL"25312
Sem number not valid: SEM-UBC COL2*
SEM number is valid without 'SEM-UBC': COL-25451
SEM number is valid without 'SEM-UBC': COL-25440
Sem number not valid: OCR FAILED
Sem number not valid: SEM-UBC
Sem number not valid: SEM-UBC
Sem number not valid: SEM-UBC
Sem number not valid: SEM-UBC
Sem number not valid: SEM-UBC
Sem number not valid: SEM-UBC
Sem number not valid: SEM-UBC
Sem number not valid: SEM-UBC
Sem number not valid: SEM-UBC
Sem number not valid: SEM-UBC
Sem number not valid: SEM-UBC
Sem number not valid: SEM-UBC
Sem number not valid: SEM-UBC
Sem number not valid: SEM-UBC
Sem number not valid: SEM-UBC
Sem number not valid: SEM-UBC
Sem number not valid: SEM-UBC
Sem number not valid: SEM-UBC
Sem number not valid: SEM-UBC
Sem number not valid: SEM-UBC
Sem number not valid: SEM-UBC
Sem number not valid: SEM-UBC
Sem number not valid: SEM-UBC
Sem number not valid: SEM-UBC
Sem number not valid: SEM-UBC
Sem number not valid: SEM-UBC
Sem number not valid: SEM-UBC
Sem number not valid: SEM-UBC
Sem number not valid: SEM-UBC
Sem number not valid: SEM-UBC
Sem number not valid: SEM-UBC
Sem number not valid: SEM-UBC
Sem number not valid: SEM-UBC
Sem number not valid: SEM-UBC
Sem number not valid: SEM-UBC
Sem number not valid: SEM-UBC
Sem number not valid: SEM-UBC
Sem number not valid: SEM-UBC
Sem number not valid: SEM-UBC
Sem number not valid: SEM-UBC
Sem number not valid: SEM-UBC
Sem number not valid: SEM-UOC
Sem number not valid: SEMUBC
Sem number not valid: SEM-UBC
Sem number not valid: SEM-UBC
Sem number not valid: SEM-UBC
Sem number not valid: SEMUBC
Sem number not valid: SEM-UBC
Sem number not valid: SEM-UBC
Sem number not valid: SEM-UBC
Sem number not valid: SEM-UCC
Sem number not valid: SEM-UBC
Sem number not valid: SEM-UBC
Sem number not valid: SEM-UBC
Sem number not valid: SEM-UBC
Sem number not valid: SEM-UBC
Sem number not valid: SEM-UBC
Sem number not valid: SEM-UBC
Sem number not valid: SEM-UBC
Sem number not valid: SEM-UBC
Sem number not valid: SEM-UBC
Sem number not valid: SEM-UBC
Sem number not valid: SEM-UBC
Sem number not valid: SEM-UBC
Sem number not valid: SEM-UBC
Sem number not valid: SEM-UBC
Sem number not valid: SEM-UBC
Sem number not valid: SEM-UBC
Sem number not valid: SEM-UBC
Sem number not valid: SEM-UBC
Sem number not valid: SEM-UBC
Sem number not valid: SEM-UBC
Sem number not valid: SEM-UBC
Sem number not valid: SEM-UBC
Sem number not valid: SEM-UBC
Sem number not valid: SEM-UBC
Sem number not valid: SEMUBC
Sem number not valid: SEM-UBC
Sem number not valid: SEM-UBC
Sem number not valid: SEM-UBC
Sem number not valid: SEM-UBC
Sem number not valid: SEM-UBC
Sem number not valid: SEM-UBC
Sem number not valid: SEM-UBC
Sem number not valid: SEM-UBC
Sem number not valid: SEM-UBC
Sem number not valid: SEM-UBC
Sem number not valid: SEM-UBC
Sem number not valid: SEM-UBC
Sem number not valid: SEM-UBC
Sem number not valid: SEM-UBC
Sem number not valid: SEMUBC
Sem number not valid: SEM-UBC
Sem number not valid: SEM-UBC
Sem number not valid: SEM-UBC
Sem number not valid: SEM-UBC
Sem number not valid: SEM-UBC
Sem number not valid: SEM-UBC
Sem number not valid: SEM-UBC
Sem number not valid: SEM-UBC
Sem number not valid: SEM-UBC
Sem number not valid: SEM-UBC
Sem number not valid: SEM-UBC
Sem number not valid: SEM-UBC
Sem number not valid: SEM-UBC
Sem number not valid: SEM-UBC
Sem number not valid: SEM-UBC
SEM number has 0 in 3 letters: COL?20747
Sem number not valid: SEM-UBC COL?20747
Sem number not valid: SEM-UBC
Sem number not valid: SEM-UBC
Sem number not valid: SEM-UBC
Sem number not valid: SEM-UBC
Sem number not valid: SEM-UBC
Sem number not valid: SEM-UBC
Sem number not valid: SEM-UBC
Sem number not valid: SEM-UBC
Sem number not valid: SEM-UBC
Sem number not valid: SEM-UBC
Sem number not valid: SEM-UBC
Sem number not valid: SEM-UBC
Sem number not valid: OCR FAILED
Sem number not valid: SEM-UBC
Sem number not valid: SEM-UBC
Sem number not valid: SEM-UBC
Sem number not valid: SEM-UBC
Sem number not valid: SEM-UBC
Sem number not valid: SEM-UBC
Sem number not valid: SEM-UBC
Sem number not valid: SEM-UBC
Sem number not valid: SEM-UBC
Sem number not valid: SEM-UBC
Sem number not valid: SEM-UBC
Sem number not valid: SEM-UBC
SEM number is valid without 'SEM-UBC': COL-29186
SEM number is valid without 'SEM-UBC': COL-29212
Sem number not valid: OCR FAILED
Sem number not valid: SEM-UBC COL-XX251
Sem number not valid: SEM-UBC COL-XX251
Sem number not valid: SEM-UBC COL-XX253
Sem number not valid: SEM-UBC COL-XX253
Sem number not valid: SEM-UBC COL-XX251
Sem number not valid: SEM-UBC COL-XX253
Sem number not valid: SEM-UBC
SEM number is valid without 'SEM-UBC': COL-18800
SEM number is valid without 'SEM-UBC': COL-18709
SEM number is valid without 'SEM-UBC': COL-18800
SEM number is valid without 'SEM-UBC': COL-18709
SEM number has 0 in 3 letters: COL; 18800
Sem number not valid: SEM-UBC COL; 18800
Sem number not valid: SEM-UBC COL" 18781
SEM number is valid without 'SEM-UBC': COL-18781
SEM number is valid without 'SEM-UBC': COL-18781
SEM number has 0 in 3 letters: COL;26570
Sem number not valid: SEM-UBC COL;26570
Sem number not valid: SEM-UBC
Sem number not valid: SEM-UBC COLF26593
Sem number not valid: OCR FAILED
Sem number not valid: OCR FAILED
Sem number not valid: OCR FAILED
SEM number is valid without 'SEM-UBC': COL-27539
SEM number is valid without 'SEM-UBC': COL-27572
Sem number not valid: SEM-UBC CO1-27735
Sem number not valid: SEM-UBC COL-21
Sem number not valid: SEM-UBC COL"27591
SEM number has 0 in 3 letters: COL"27502
Sem number not valid: SEM-UBC COL"27502
Sem number not valid: OCR FAILED
Sem number not valid: OCR FAILED
Sem number not valid: SEM-UBC COL"27588
Sem number not valid: OCR FAILED
Sem number not valid: SEM
Sem number not valid: OCR FAILED
SEM number is valid without 'SEM-UBC': COL-27569
Sem number not valid: OCR FAILED
SEM number is valid without 'SEM-UBC': COL-0503
SEM number has 0 in 3 letters: COL;3104
Sem number not valid: SEM-UBC COL;3104
Sem number not valid: SEMAUBC CO-27716
SEM number has 0 in 3 letters: COL.27730
Sem number not valid: SEM-UBC COL.27730
SEM number is valid without 'SEM-UBC': COL-27718
SEM number is valid without 'SEM-UBC': COL-27693
SEM number is valid without 'SEM-UBC': COL-25284
Sem number not valid: SEM-UBC
Sem number not valid: OCR FAILED
SEM number has 0 in 3 letters: C0L
SEM number has 0 in 3 letters: COL0954
Sem number not valid: SEM-UBC COL0954
Sem number not valid: SEMAUBC COL27024
SEM number is valid without 'SEM-UBC': COL-27057
Sem number not valid: SEMUBC COL27347
Sem number not valid: SEM PARATYPE
Sem number not valid: OCR FAILED
Sem number not valid: SEM PARATYPE
Sem number not valid: SEM PARATYPE
Sem number not valid: OCR FAILED
Sem number not valid: SEM PARATYPE
Sem number not valid: SEM PARATYPE
Sem number not valid: SEM PARATYPE
Sem number not valid: SEM-UBC
Sem number not valid: SEM-UBC
SEM number is valid without 'SEM-UBC': COL-24699
Sem number not valid: SEM-UBC
Sem number not valid: SEM-UBC COL"251951
Sem number not valid: OCR FAILED
Sem number not valid: OCR FAILED
SEM number is valid without 'SEM-UBC': COL-25651
Sem number not valid: SEM
SEM number is valid without 'SEM-UBC': COL-26704
SEM number is valid without 'SEM-UBC': COL-25198
Sem number not valid: SEM-UBC COL"25197
Sem number not valid: SEM-UBC
Sem number not valid: SEM
SEM number is valid without 'SEM-UBC': COL-25639
SEM number is valid without 'SEM-UBC': COL-18340
SEM number is valid without 'SEM-UBC': COL-30897
Sem number not valid: SEM-UBC
Sem number not valid: OCR FAILED
Sem number not valid: SEM-UBC
Sem number not valid: SEM-UBC
Sem number not valid: SEM-UBC
Sem number not valid: SEM UIBC OPI-00R
SEM number has 0 in 3 letters: OPL0012
Sem number not valid: SEM-UBC OPL0012
Sem number not valid: SEM-UBC OPI-00B=
Sem number not valid: OCR FAILED
Sem number not valid: OCR FAILED
Sem number not valid: OCR FAILED
Sem number not valid: OCR FAILED
Sem number not valid: OCR FAILED
Sem number not valid: OCR FAILED
Sem number not valid: OCR FAILED
Sem number not valid: OCR FAILED
Sem number not valid: OCR FAILED
Sem number not valid: OCR FAILED
Sem number not valid: SEM-UBC HOL
Sem number not valid: SEM-UBC HOL
Sem number not valid: OCR FAILED
Sem number not valid: OCR FAILED
Sem number not valid: SEM-UBC PHI-UU8Y
Sem number not valid: OCR FAILED
Sem number not valid: SEM-UBC PAT-W042
SEM number is valid without 'SEM-UBC': PHT-0075
Sem number not valid: SEM-UBC
SEM number has 0 in 3 letters: 0D0
Sem number not valid: OCR FAILED
SEM number has 0 in 3 letters: 0DO
Sem number not valid: OCR FAILED
Sem number not valid: OCR FAILED
Sem number not valid: OCR FAILED
Sem number not valid: OCR FAILED
Sem number not valid: OCR FAILED
Sem number not valid: SEM
Sem number not valid: SEM
Sem number not valid: SEM
Sem number not valid: SEM
SEM number has 0 in 3 letters: OD0
Sem number not valid: SEM
Sem number not valid: SEM
SEM number has 0 in 3 letters: 0DO
SEM number has 0 in 3 letters: OD0
Sem number not valid: OCR FAILED
Sem number not valid: OCR FAILED
Sem number not valid: OCR FAILED
SEM number has 0 in 3 letters: 0DO
SEM number has 0 in 3 letters: 0D0
Done
